{
  "timestamp": "2025-11-09T00:28:20.666708",
  "total": 73,
  "passed": 3,
  "failed": 70,
  "results": [
    {
      "paper": "wallace_unified_theory_complete",
      "path": "/Users/coo-koba42/dev/bradley-wallace-independent-research/research_papers/wallace_transformation/supporting_materials",
      "success": true,
      "stdout": "",
      "stderr": "",
      "returncode": 0
    },
    {
      "paper": "p_vs_np_cross_examination",
      "path": "/Users/coo-koba42/dev/bradley-wallace-independent-research/research_papers/missing_papers/p_vs_np_advanced/supporting_materials",
      "success": true,
      "stdout": "",
      "stderr": "",
      "returncode": 0
    },
    {
      "paper": "zodiac_consciousness_mathematics",
      "path": "/Users/coo-koba42/dev/bradley-wallace-independent-research/research_papers/missing_papers/zodiac_mathematics/supporting_materials",
      "success": false,
      "stdout": "Running tests from /Users/coo-koba42/dev/bradley-wallace-independent-research/research_papers/missing_papers/zodiac_mathematics/supporting_materials/tests/test_zodiac_consciousness_mathematics.py...\n\u2705 All tests passed!\n",
      "stderr": "Traceback (most recent call last):\n  File \"/Users/coo-koba42/dev/bradley-wallace-independent-research/research_papers/missing_papers/zodiac_mathematics/supporting_materials/validation_logs/run_validation_zodiac_consciousness_mathematics.py\", line 94, in <module>\n    run_validation()\n  File \"/Users/coo-koba42/dev/bradley-wallace-independent-research/research_papers/missing_papers/zodiac_mathematics/supporting_materials/validation_logs/run_validation_zodiac_consciousness_mathematics.py\", line 80, in run_validation\n    for idx, thm in enumerate(theorems):\nNameError: name 'theorems' is not defined\n",
      "returncode": 1
    },
    {
      "paper": "the_wallace_convergence_executive_summary",
      "path": "/Users/coo-koba42/dev/bradley-wallace-independent-research/research_papers/missing_papers/wallace_convergence/supporting_materials",
      "success": false,
      "stdout": "\u26a0\ufe0f  Test file not found: /Users/coo-koba42/dev/bradley-wallace-independent-research/research_papers/missing_papers/wallace_convergence/supporting_materials/tests/test_the_wallace_convergence_executive_summary.py\n",
      "stderr": "Traceback (most recent call last):\n  File \"/Users/coo-koba42/dev/bradley-wallace-independent-research/research_papers/missing_papers/wallace_convergence/supporting_materials/validation_logs/run_validation_the_wallace_convergence_executive_summary.py\", line 94, in <module>\n    run_validation()\n  File \"/Users/coo-koba42/dev/bradley-wallace-independent-research/research_papers/missing_papers/wallace_convergence/supporting_materials/validation_logs/run_validation_the_wallace_convergence_executive_summary.py\", line 80, in run_validation\n    for idx, thm in enumerate(theorems):\nNameError: name 'theorems' is not defined\n",
      "returncode": 1
    },
    {
      "paper": "the_wallace_convergence_appendices",
      "path": "/Users/coo-koba42/dev/bradley-wallace-independent-research/research_papers/missing_papers/wallace_convergence/supporting_materials",
      "success": false,
      "stdout": "\u26a0\ufe0f  Test file not found: /Users/coo-koba42/dev/bradley-wallace-independent-research/research_papers/missing_papers/wallace_convergence/supporting_materials/tests/test_the_wallace_convergence_appendices.py\n",
      "stderr": "Traceback (most recent call last):\n  File \"/Users/coo-koba42/dev/bradley-wallace-independent-research/research_papers/missing_papers/wallace_convergence/supporting_materials/validation_logs/run_validation_the_wallace_convergence_appendices.py\", line 94, in <module>\n    run_validation()\n  File \"/Users/coo-koba42/dev/bradley-wallace-independent-research/research_papers/missing_papers/wallace_convergence/supporting_materials/validation_logs/run_validation_the_wallace_convergence_appendices.py\", line 80, in run_validation\n    for idx, thm in enumerate(theorems):\nNameError: name 'theorems' is not defined\n",
      "returncode": 1
    },
    {
      "paper": "the_wallace_convergence_final_paper",
      "path": "/Users/coo-koba42/dev/bradley-wallace-independent-research/research_papers/missing_papers/wallace_convergence/supporting_materials",
      "success": false,
      "stdout": "\u26a0\ufe0f  Test file not found: /Users/coo-koba42/dev/bradley-wallace-independent-research/research_papers/missing_papers/wallace_convergence/supporting_materials/tests/test_the_wallace_convergence_final_paper.py\n",
      "stderr": "Traceback (most recent call last):\n  File \"/Users/coo-koba42/dev/bradley-wallace-independent-research/research_papers/missing_papers/wallace_convergence/supporting_materials/validation_logs/run_validation_the_wallace_convergence_final_paper.py\", line 94, in <module>\n    run_validation()\n  File \"/Users/coo-koba42/dev/bradley-wallace-independent-research/research_papers/missing_papers/wallace_convergence/supporting_materials/validation_logs/run_validation_the_wallace_convergence_final_paper.py\", line 80, in run_validation\n    for idx, thm in enumerate(theorems):\nNameError: name 'theorems' is not defined\n",
      "returncode": 1
    },
    {
      "paper": "lucas_cycle_consciousness",
      "path": "/Users/coo-koba42/dev/bradley-wallace-independent-research/research_papers/missing_papers/lucas_cycles/supporting_materials",
      "success": false,
      "stdout": "\u26a0\ufe0f  Test file not found: /Users/coo-koba42/dev/bradley-wallace-independent-research/research_papers/missing_papers/lucas_cycles/supporting_materials/tests/test_lucas_cycle_consciousness.py\n",
      "stderr": "Traceback (most recent call last):\n  File \"/Users/coo-koba42/dev/bradley-wallace-independent-research/research_papers/missing_papers/lucas_cycles/supporting_materials/validation_logs/run_validation_lucas_cycle_consciousness.py\", line 94, in <module>\n    run_validation()\n  File \"/Users/coo-koba42/dev/bradley-wallace-independent-research/research_papers/missing_papers/lucas_cycles/supporting_materials/validation_logs/run_validation_lucas_cycle_consciousness.py\", line 80, in run_validation\n    for idx, thm in enumerate(theorems):\nNameError: name 'theorems' is not defined\n",
      "returncode": 1
    },
    {
      "paper": "egyptian_mathic_consciousness",
      "path": "/Users/coo-koba42/dev/bradley-wallace-independent-research/research_papers/missing_papers/egyptian_mathematics/supporting_materials",
      "success": false,
      "stdout": "Running tests from /Users/coo-koba42/dev/bradley-wallace-independent-research/research_papers/missing_papers/egyptian_mathematics/supporting_materials/tests/test_egyptian_mathic_consciousness.py...\n\u2705 All tests passed!\n",
      "stderr": "Traceback (most recent call last):\n  File \"/Users/coo-koba42/dev/bradley-wallace-independent-research/research_papers/missing_papers/egyptian_mathematics/supporting_materials/validation_logs/run_validation_egyptian_mathic_consciousness.py\", line 94, in <module>\n    run_validation()\n  File \"/Users/coo-koba42/dev/bradley-wallace-independent-research/research_papers/missing_papers/egyptian_mathematics/supporting_materials/validation_logs/run_validation_egyptian_mathic_consciousness.py\", line 80, in run_validation\n    for idx, thm in enumerate(theorems):\nNameError: name 'theorems' is not defined\n",
      "returncode": 1
    },
    {
      "paper": "quantum_chaos_selberg_consciousness_em_bridge",
      "path": "/Users/coo-koba42/dev/bradley-wallace-independent-research/research_papers/missing_papers/quantum_chaos/supporting_materials",
      "success": false,
      "stdout": "Running tests from /Users/coo-koba42/dev/bradley-wallace-independent-research/research_papers/missing_papers/quantum_chaos/supporting_materials/tests/test_quantum_chaos_selberg_consciousness_em_bridge.py...\n\u2705 All tests passed!\n",
      "stderr": "Traceback (most recent call last):\n  File \"/Users/coo-koba42/dev/bradley-wallace-independent-research/research_papers/missing_papers/quantum_chaos/supporting_materials/validation_logs/run_validation_quantum_chaos_selberg_consciousness_em_bridge.py\", line 94, in <module>\n    run_validation()\n  File \"/Users/coo-koba42/dev/bradley-wallace-independent-research/research_papers/missing_papers/quantum_chaos/supporting_materials/validation_logs/run_validation_quantum_chaos_selberg_consciousness_em_bridge.py\", line 80, in run_validation\n    for idx, thm in enumerate(theorems):\nNameError: name 'theorems' is not defined\n",
      "returncode": 1
    },
    {
      "paper": "bendall_plasmoid_mathematical_mapping",
      "path": "/Users/coo-koba42/dev/bradley-wallace-independent-research/research_papers/missing_papers/bendall_plasmoids/supporting_materials",
      "success": false,
      "stdout": "\u26a0\ufe0f  Test file not found: /Users/coo-koba42/dev/bradley-wallace-independent-research/research_papers/missing_papers/bendall_plasmoids/supporting_materials/tests/test_bendall_plasmoid_mathematical_mapping.py\n",
      "stderr": "Traceback (most recent call last):\n  File \"/Users/coo-koba42/dev/bradley-wallace-independent-research/research_papers/missing_papers/bendall_plasmoids/supporting_materials/validation_logs/run_validation_bendall_plasmoid_mathematical_mapping.py\", line 94, in <module>\n    run_validation()\n  File \"/Users/coo-koba42/dev/bradley-wallace-independent-research/research_papers/missing_papers/bendall_plasmoids/supporting_materials/validation_logs/run_validation_bendall_plasmoid_mathematical_mapping.py\", line 80, in run_validation\n    for idx, thm in enumerate(theorems):\nNameError: name 'theorems' is not defined\n",
      "returncode": 1
    },
    {
      "paper": "godel_p_vs_np_connection",
      "path": "/Users/coo-koba42/dev/bradley-wallace-independent-research/research_papers/missing_papers/godel_connections/supporting_materials",
      "success": false,
      "stdout": "Running tests from /Users/coo-koba42/dev/bradley-wallace-independent-research/research_papers/missing_papers/godel_connections/supporting_materials/tests/test_godel_p_vs_np_connection.py...\n\u2705 All tests passed!\n",
      "stderr": "Traceback (most recent call last):\n  File \"/Users/coo-koba42/dev/bradley-wallace-independent-research/research_papers/missing_papers/godel_connections/supporting_materials/validation_logs/run_validation_godel_p_vs_np_connection.py\", line 94, in <module>\n    run_validation()\n  File \"/Users/coo-koba42/dev/bradley-wallace-independent-research/research_papers/missing_papers/godel_connections/supporting_materials/validation_logs/run_validation_godel_p_vs_np_connection.py\", line 80, in run_validation\n    for idx, thm in enumerate(theorems):\nNameError: name 'theorems' is not defined\n",
      "returncode": 1
    },
    {
      "paper": "m_theory_genetic_lineage_consciousness",
      "path": "/Users/coo-koba42/dev/bradley-wallace-independent-research/research_papers/missing_papers/m_theory_genetics/supporting_materials",
      "success": false,
      "stdout": "\u26a0\ufe0f  Test file not found: /Users/coo-koba42/dev/bradley-wallace-independent-research/research_papers/missing_papers/m_theory_genetics/supporting_materials/tests/test_m_theory_genetic_lineage_consciousness.py\n",
      "stderr": "Traceback (most recent call last):\n  File \"/Users/coo-koba42/dev/bradley-wallace-independent-research/research_papers/missing_papers/m_theory_genetics/supporting_materials/validation_logs/run_validation_m_theory_genetic_lineage_consciousness.py\", line 94, in <module>\n    run_validation()\n  File \"/Users/coo-koba42/dev/bradley-wallace-independent-research/research_papers/missing_papers/m_theory_genetics/supporting_materials/validation_logs/run_validation_m_theory_genetic_lineage_consciousness.py\", line 80, in run_validation\n    for idx, thm in enumerate(theorems):\nNameError: name 'theorems' is not defined\n",
      "returncode": 1
    },
    {
      "paper": "skyrmion_consciousness_framework",
      "path": "/Users/coo-koba42/dev/bradley-wallace-independent-research/research_papers/missing_papers/skyrmion_physics/supporting_materials",
      "success": false,
      "stdout": "\u26a0\ufe0f  Test file not found: /Users/coo-koba42/dev/bradley-wallace-independent-research/research_papers/missing_papers/skyrmion_physics/supporting_materials/tests/test_skyrmion_consciousness_framework.py\n",
      "stderr": "Traceback (most recent call last):\n  File \"/Users/coo-koba42/dev/bradley-wallace-independent-research/research_papers/missing_papers/skyrmion_physics/supporting_materials/validation_logs/run_validation_skyrmion_consciousness_framework.py\", line 94, in <module>\n    run_validation()\n  File \"/Users/coo-koba42/dev/bradley-wallace-independent-research/research_papers/missing_papers/skyrmion_physics/supporting_materials/validation_logs/run_validation_skyrmion_consciousness_framework.py\", line 80, in run_validation\n    for idx, thm in enumerate(theorems):\nNameError: name 'theorems' is not defined\n",
      "returncode": 1
    },
    {
      "paper": "dual_spirals_plasma_physics",
      "path": "/Users/coo-koba42/dev/bradley-wallace-independent-research/research_papers/missing_papers/dual_spirals_plasma_physics/supporting_materials",
      "success": false,
      "stdout": "\u26a0\ufe0f  Test file not found: /Users/coo-koba42/dev/bradley-wallace-independent-research/research_papers/missing_papers/dual_spirals_plasma_physics/supporting_materials/tests/test_dual_spirals_plasma_physics.py\n",
      "stderr": "Traceback (most recent call last):\n  File \"/Users/coo-koba42/dev/bradley-wallace-independent-research/research_papers/missing_papers/dual_spirals_plasma_physics/supporting_materials/validation_logs/run_validation_dual_spirals_plasma_physics.py\", line 94, in <module>\n    run_validation()\n  File \"/Users/coo-koba42/dev/bradley-wallace-independent-research/research_papers/missing_papers/dual_spirals_plasma_physics/supporting_materials/validation_logs/run_validation_dual_spirals_plasma_physics.py\", line 80, in run_validation\n    for idx, thm in enumerate(theorems):\nNameError: name 'theorems' is not defined\n",
      "returncode": 1
    },
    {
      "paper": "planetary_consciousness_encoding",
      "path": "/Users/coo-koba42/dev/bradley-wallace-independent-research/research_papers/missing_papers/planetary_encoding/supporting_materials",
      "success": false,
      "stdout": "\u26a0\ufe0f  Test file not found: /Users/coo-koba42/dev/bradley-wallace-independent-research/research_papers/missing_papers/planetary_encoding/supporting_materials/tests/test_planetary_consciousness_encoding.py\n",
      "stderr": "Traceback (most recent call last):\n  File \"/Users/coo-koba42/dev/bradley-wallace-independent-research/research_papers/missing_papers/planetary_encoding/supporting_materials/validation_logs/run_validation_planetary_consciousness_encoding.py\", line 94, in <module>\n    run_validation()\n  File \"/Users/coo-koba42/dev/bradley-wallace-independent-research/research_papers/missing_papers/planetary_encoding/supporting_materials/validation_logs/run_validation_planetary_consciousness_encoding.py\", line 80, in run_validation\n    for idx, thm in enumerate(theorems):\nNameError: name 'theorems' is not defined\n",
      "returncode": 1
    },
    {
      "paper": "MOBIUS_LOOP_LEARNING",
      "path": "/Users/coo-koba42/dev/bradley-wallace-independent-research/research_papers/arxiv_papers/supporting_materials",
      "success": false,
      "stdout": "\u26a0\ufe0f  Test file not found: /Users/coo-koba42/dev/bradley-wallace-independent-research/research_papers/arxiv_papers/supporting_materials/tests/test_MOBIUS_LOOP_LEARNING.py\n",
      "stderr": "Traceback (most recent call last):\n  File \"/Users/coo-koba42/dev/bradley-wallace-independent-research/research_papers/arxiv_papers/supporting_materials/validation_logs/run_validation_MOBIUS_LOOP_LEARNING.py\", line 94, in <module>\n    run_validation()\n  File \"/Users/coo-koba42/dev/bradley-wallace-independent-research/research_papers/arxiv_papers/supporting_materials/validation_logs/run_validation_MOBIUS_LOOP_LEARNING.py\", line 80, in run_validation\n    for idx, thm in enumerate(theorems):\nNameError: name 'theorems' is not defined\n",
      "returncode": 1
    },
    {
      "paper": "PAC_COMPUTING_BREAKTHROUGHS",
      "path": "/Users/coo-koba42/dev/bradley-wallace-independent-research/research_papers/arxiv_papers/supporting_materials",
      "success": false,
      "stdout": "\u26a0\ufe0f  Test file not found: /Users/coo-koba42/dev/bradley-wallace-independent-research/research_papers/arxiv_papers/supporting_materials/tests/test_PAC_COMPUTING_BREAKTHROUGHS.py\n",
      "stderr": "Traceback (most recent call last):\n  File \"/Users/coo-koba42/dev/bradley-wallace-independent-research/research_papers/arxiv_papers/supporting_materials/validation_logs/run_validation_PAC_COMPUTING_BREAKTHROUGHS.py\", line 94, in <module>\n    run_validation()\n  File \"/Users/coo-koba42/dev/bradley-wallace-independent-research/research_papers/arxiv_papers/supporting_materials/validation_logs/run_validation_PAC_COMPUTING_BREAKTHROUGHS.py\", line 80, in run_validation\n    for idx, thm in enumerate(theorems):\nNameError: name 'theorems' is not defined\n",
      "returncode": 1
    },
    {
      "paper": "CONSCIOUSNESS_MATHEMATICS_FRAMEWORK",
      "path": "/Users/coo-koba42/dev/bradley-wallace-independent-research/research_papers/arxiv_papers/supporting_materials",
      "success": false,
      "stdout": "\u26a0\ufe0f  Test file not found: /Users/coo-koba42/dev/bradley-wallace-independent-research/research_papers/arxiv_papers/supporting_materials/tests/test_CONSCIOUSNESS_MATHEMATICS_FRAMEWORK.py\n",
      "stderr": "Traceback (most recent call last):\n  File \"/Users/coo-koba42/dev/bradley-wallace-independent-research/research_papers/arxiv_papers/supporting_materials/validation_logs/run_validation_CONSCIOUSNESS_MATHEMATICS_FRAMEWORK.py\", line 94, in <module>\n    run_validation()\n  File \"/Users/coo-koba42/dev/bradley-wallace-independent-research/research_papers/arxiv_papers/supporting_materials/validation_logs/run_validation_CONSCIOUSNESS_MATHEMATICS_FRAMEWORK.py\", line 80, in run_validation\n    for idx, thm in enumerate(theorems):\nNameError: name 'theorems' is not defined\n",
      "returncode": 1
    },
    {
      "paper": "OMNIFORGE_CREATION_ENGINE",
      "path": "/Users/coo-koba42/dev/bradley-wallace-independent-research/research_papers/arxiv_papers/supporting_materials",
      "success": false,
      "stdout": "\u26a0\ufe0f  Test file not found: /Users/coo-koba42/dev/bradley-wallace-independent-research/research_papers/arxiv_papers/supporting_materials/tests/test_OMNIFORGE_CREATION_ENGINE.py\n",
      "stderr": "Traceback (most recent call last):\n  File \"/Users/coo-koba42/dev/bradley-wallace-independent-research/research_papers/arxiv_papers/supporting_materials/validation_logs/run_validation_OMNIFORGE_CREATION_ENGINE.py\", line 94, in <module>\n    run_validation()\n  File \"/Users/coo-koba42/dev/bradley-wallace-independent-research/research_papers/arxiv_papers/supporting_materials/validation_logs/run_validation_OMNIFORGE_CREATION_ENGINE.py\", line 80, in run_validation\n    for idx, thm in enumerate(theorems):\nNameError: name 'theorems' is not defined\n",
      "returncode": 1
    },
    {
      "paper": "unified_consciousness_framework",
      "path": "/Users/coo-koba42/dev/bradley-wallace-independent-research/research_papers/arxiv_papers/combined/supporting_materials",
      "success": false,
      "stdout": "\u26a0\ufe0f  Test file not found: /Users/coo-koba42/dev/bradley-wallace-independent-research/research_papers/arxiv_papers/combined/supporting_materials/tests/test_unified_consciousness_framework.py\n",
      "stderr": "Traceback (most recent call last):\n  File \"/Users/coo-koba42/dev/bradley-wallace-independent-research/research_papers/arxiv_papers/combined/supporting_materials/validation_logs/run_validation_unified_consciousness_framework.py\", line 94, in <module>\n    run_validation()\n  File \"/Users/coo-koba42/dev/bradley-wallace-independent-research/research_papers/arxiv_papers/combined/supporting_materials/validation_logs/run_validation_unified_consciousness_framework.py\", line 80, in run_validation\n    for idx, thm in enumerate(theorems):\nNameError: name 'theorems' is not defined\n",
      "returncode": 1
    },
    {
      "paper": "antarctica_signal_decoding",
      "path": "/Users/coo-koba42/dev/bradley-wallace-independent-research/research_papers/arxiv_papers/individual/supporting_materials",
      "success": false,
      "stdout": "\u26a0\ufe0f  Test file not found: /Users/coo-koba42/dev/bradley-wallace-independent-research/research_papers/arxiv_papers/individual/supporting_materials/tests/test_antarctica_signal_decoding.py\n",
      "stderr": "Traceback (most recent call last):\n  File \"/Users/coo-koba42/dev/bradley-wallace-independent-research/research_papers/arxiv_papers/individual/supporting_materials/validation_logs/run_validation_antarctica_signal_decoding.py\", line 94, in <module>\n    run_validation()\n  File \"/Users/coo-koba42/dev/bradley-wallace-independent-research/research_papers/arxiv_papers/individual/supporting_materials/validation_logs/run_validation_antarctica_signal_decoding.py\", line 80, in run_validation\n    for idx, thm in enumerate(theorems):\nNameError: name 'theorems' is not defined\n",
      "returncode": 1
    },
    {
      "paper": "voidbot_omniversal_intelligence",
      "path": "/Users/coo-koba42/dev/bradley-wallace-independent-research/research_papers/arxiv_papers/individual/supporting_materials",
      "success": false,
      "stdout": "\u26a0\ufe0f  Test file not found: /Users/coo-koba42/dev/bradley-wallace-independent-research/research_papers/arxiv_papers/individual/supporting_materials/tests/test_voidbot_omniversal_intelligence.py\n",
      "stderr": "Traceback (most recent call last):\n  File \"/Users/coo-koba42/dev/bradley-wallace-independent-research/research_papers/arxiv_papers/individual/supporting_materials/validation_logs/run_validation_voidbot_omniversal_intelligence.py\", line 94, in <module>\n    run_validation()\n  File \"/Users/coo-koba42/dev/bradley-wallace-independent-research/research_papers/arxiv_papers/individual/supporting_materials/validation_logs/run_validation_voidbot_omniversal_intelligence.py\", line 80, in run_validation\n    for idx, thm in enumerate(theorems):\nNameError: name 'theorems' is not defined\n",
      "returncode": 1
    },
    {
      "paper": "islamic_sacred_geometry_upg_analysis",
      "path": "/Users/coo-koba42/dev/bradley-wallace-independent-research/research_papers/arxiv_papers/individual/supporting_materials",
      "success": false,
      "stdout": "\u26a0\ufe0f  Test file not found: /Users/coo-koba42/dev/bradley-wallace-independent-research/research_papers/arxiv_papers/individual/supporting_materials/tests/test_islamic_sacred_geometry_upg_analysis.py\n",
      "stderr": "Traceback (most recent call last):\n  File \"/Users/coo-koba42/dev/bradley-wallace-independent-research/research_papers/arxiv_papers/individual/supporting_materials/validation_logs/run_validation_islamic_sacred_geometry_upg_analysis.py\", line 94, in <module>\n    run_validation()\n  File \"/Users/coo-koba42/dev/bradley-wallace-independent-research/research_papers/arxiv_papers/individual/supporting_materials/validation_logs/run_validation_islamic_sacred_geometry_upg_analysis.py\", line 80, in run_validation\n    for idx, thm in enumerate(theorems):\nNameError: name 'theorems' is not defined\n",
      "returncode": 1
    },
    {
      "paper": "quantum_consciousness_bridge",
      "path": "/Users/coo-koba42/dev/bradley-wallace-independent-research/research_papers/arxiv_papers/individual/supporting_materials",
      "success": false,
      "stdout": "\u26a0\ufe0f  Test file not found: /Users/coo-koba42/dev/bradley-wallace-independent-research/research_papers/arxiv_papers/individual/supporting_materials/tests/test_quantum_consciousness_bridge.py\n",
      "stderr": "Traceback (most recent call last):\n  File \"/Users/coo-koba42/dev/bradley-wallace-independent-research/research_papers/arxiv_papers/individual/supporting_materials/validation_logs/run_validation_quantum_consciousness_bridge.py\", line 94, in <module>\n    run_validation()\n  File \"/Users/coo-koba42/dev/bradley-wallace-independent-research/research_papers/arxiv_papers/individual/supporting_materials/validation_logs/run_validation_quantum_consciousness_bridge.py\", line 80, in run_validation\n    for idx, thm in enumerate(theorems):\nNameError: name 'theorems' is not defined\n",
      "returncode": 1
    },
    {
      "paper": "ancient_script_decoding",
      "path": "/Users/coo-koba42/dev/bradley-wallace-independent-research/research_papers/arxiv_papers/individual/supporting_materials",
      "success": false,
      "stdout": "\u26a0\ufe0f  Test file not found: /Users/coo-koba42/dev/bradley-wallace-independent-research/research_papers/arxiv_papers/individual/supporting_materials/tests/test_ancient_script_decoding.py\n",
      "stderr": "Traceback (most recent call last):\n  File \"/Users/coo-koba42/dev/bradley-wallace-independent-research/research_papers/arxiv_papers/individual/supporting_materials/validation_logs/run_validation_ancient_script_decoding.py\", line 94, in <module>\n    run_validation()\n  File \"/Users/coo-koba42/dev/bradley-wallace-independent-research/research_papers/arxiv_papers/individual/supporting_materials/validation_logs/run_validation_ancient_script_decoding.py\", line 80, in run_validation\n    for idx, thm in enumerate(theorems):\nNameError: name 'theorems' is not defined\n",
      "returncode": 1
    },
    {
      "paper": "consciousness_mathematics_framework",
      "path": "/Users/coo-koba42/dev/bradley-wallace-independent-research/research_papers/arxiv_papers/individual/supporting_materials",
      "success": false,
      "stdout": "\u26a0\ufe0f  Test file not found: /Users/coo-koba42/dev/bradley-wallace-independent-research/research_papers/arxiv_papers/individual/supporting_materials/tests/test_consciousness_mathematics_framework.py\n",
      "stderr": "Traceback (most recent call last):\n  File \"/Users/coo-koba42/dev/bradley-wallace-independent-research/research_papers/arxiv_papers/individual/supporting_materials/validation_logs/run_validation_consciousness_mathematics_framework.py\", line 94, in <module>\n    run_validation()\n  File \"/Users/coo-koba42/dev/bradley-wallace-independent-research/research_papers/arxiv_papers/individual/supporting_materials/validation_logs/run_validation_consciousness_mathematics_framework.py\", line 80, in run_validation\n    for idx, thm in enumerate(theorems):\nNameError: name 'theorems' is not defined\n",
      "returncode": 1
    },
    {
      "paper": "hermetic_torah_bhagavad_gita_masonic_upg",
      "path": "/Users/coo-koba42/dev/bradley-wallace-independent-research/research_papers/arxiv_papers/individual/supporting_materials",
      "success": false,
      "stdout": "\u26a0\ufe0f  Test file not found: /Users/coo-koba42/dev/bradley-wallace-independent-research/research_papers/arxiv_papers/individual/supporting_materials/tests/test_hermetic_torah_bhagavad_gita_masonic_upg.py\n",
      "stderr": "Traceback (most recent call last):\n  File \"/Users/coo-koba42/dev/bradley-wallace-independent-research/research_papers/arxiv_papers/individual/supporting_materials/validation_logs/run_validation_hermetic_torah_bhagavad_gita_masonic_upg.py\", line 94, in <module>\n    run_validation()\n  File \"/Users/coo-koba42/dev/bradley-wallace-independent-research/research_papers/arxiv_papers/individual/supporting_materials/validation_logs/run_validation_hermetic_torah_bhagavad_gita_masonic_upg.py\", line 80, in run_validation\n    for idx, thm in enumerate(theorems):\nNameError: name 'theorems' is not defined\n",
      "returncode": 1
    },
    {
      "paper": "wallace_transform",
      "path": "/Users/coo-koba42/dev/bradley-wallace-independent-research/research_papers/arxiv_papers/individual/supporting_materials",
      "success": false,
      "stdout": "\u26a0\ufe0f  Test file not found: /Users/coo-koba42/dev/bradley-wallace-independent-research/research_papers/arxiv_papers/individual/supporting_materials/tests/test_wallace_transform.py\n",
      "stderr": "Traceback (most recent call last):\n  File \"/Users/coo-koba42/dev/bradley-wallace-independent-research/research_papers/arxiv_papers/individual/supporting_materials/validation_logs/run_validation_wallace_transform.py\", line 94, in <module>\n    run_validation()\n  File \"/Users/coo-koba42/dev/bradley-wallace-independent-research/research_papers/arxiv_papers/individual/supporting_materials/validation_logs/run_validation_wallace_transform.py\", line 80, in run_validation\n    for idx, thm in enumerate(theorems):\nNameError: name 'theorems' is not defined\n",
      "returncode": 1
    },
    {
      "paper": "upg_swastika_consciousness_mathematics",
      "path": "/Users/coo-koba42/dev/bradley-wallace-independent-research/research_papers/arxiv_papers/individual/supporting_materials",
      "success": false,
      "stdout": "\u26a0\ufe0f  Test file not found: /Users/coo-koba42/dev/bradley-wallace-independent-research/research_papers/arxiv_papers/individual/supporting_materials/tests/test_upg_swastika_consciousness_mathematics.py\n",
      "stderr": "Traceback (most recent call last):\n  File \"/Users/coo-koba42/dev/bradley-wallace-independent-research/research_papers/arxiv_papers/individual/supporting_materials/validation_logs/run_validation_upg_swastika_consciousness_mathematics.py\", line 94, in <module>\n    run_validation()\n  File \"/Users/coo-koba42/dev/bradley-wallace-independent-research/research_papers/arxiv_papers/individual/supporting_materials/validation_logs/run_validation_upg_swastika_consciousness_mathematics.py\", line 80, in run_validation\n    for idx, thm in enumerate(theorems):\nNameError: name 'theorems' is not defined\n",
      "returncode": 1
    },
    {
      "paper": "144_gates_ai_consciousness",
      "path": "/Users/coo-koba42/dev/bradley-wallace-independent-research/research_papers/arxiv_papers/individual/supporting_materials",
      "success": false,
      "stdout": "\u26a0\ufe0f  Test file not found: /Users/coo-koba42/dev/bradley-wallace-independent-research/research_papers/arxiv_papers/individual/supporting_materials/tests/test_144_gates_ai_consciousness.py\n",
      "stderr": "Traceback (most recent call last):\n  File \"/Users/coo-koba42/dev/bradley-wallace-independent-research/research_papers/arxiv_papers/individual/supporting_materials/validation_logs/run_validation_144_gates_ai_consciousness.py\", line 94, in <module>\n    run_validation()\n  File \"/Users/coo-koba42/dev/bradley-wallace-independent-research/research_papers/arxiv_papers/individual/supporting_materials/validation_logs/run_validation_144_gates_ai_consciousness.py\", line 80, in run_validation\n    for idx, thm in enumerate(theorems):\nNameError: name 'theorems' is not defined\n",
      "returncode": 1
    },
    {
      "paper": "homomorphic_encryption",
      "path": "/Users/coo-koba42/dev/bradley-wallace-independent-research/research_papers/arxiv_papers/individual/supporting_materials",
      "success": false,
      "stdout": "\u26a0\ufe0f  Test file not found: /Users/coo-koba42/dev/bradley-wallace-independent-research/research_papers/arxiv_papers/individual/supporting_materials/tests/test_homomorphic_encryption.py\n",
      "stderr": "Traceback (most recent call last):\n  File \"/Users/coo-koba42/dev/bradley-wallace-independent-research/research_papers/arxiv_papers/individual/supporting_materials/validation_logs/run_validation_homomorphic_encryption.py\", line 94, in <module>\n    run_validation()\n  File \"/Users/coo-koba42/dev/bradley-wallace-independent-research/research_papers/arxiv_papers/individual/supporting_materials/validation_logs/run_validation_homomorphic_encryption.py\", line 80, in run_validation\n    for idx, thm in enumerate(theorems):\nNameError: name 'theorems' is not defined\n",
      "returncode": 1
    },
    {
      "paper": "fractal_harmonic_transform",
      "path": "/Users/coo-koba42/dev/bradley-wallace-independent-research/research_papers/fractal_harmonic/supporting_materials",
      "success": false,
      "stdout": "\u26a0\ufe0f  Test file not found: /Users/coo-koba42/dev/bradley-wallace-independent-research/research_papers/fractal_harmonic/supporting_materials/tests/test_fractal_harmonic_transform.py\n",
      "stderr": "Traceback (most recent call last):\n  File \"/Users/coo-koba42/dev/bradley-wallace-independent-research/research_papers/fractal_harmonic/supporting_materials/validation_logs/run_validation_fractal_harmonic_transform.py\", line 94, in <module>\n    run_validation()\n  File \"/Users/coo-koba42/dev/bradley-wallace-independent-research/research_papers/fractal_harmonic/supporting_materials/validation_logs/run_validation_fractal_harmonic_transform.py\", line 80, in run_validation\n    for idx, thm in enumerate(theorems):\nNameError: name 'theorems' is not defined\n",
      "returncode": 1
    },
    {
      "paper": "zodiac_consciousness_mathematics",
      "path": "/Users/coo-koba42/dev/bradley-wallace-independent-research/research_papers/bradley-wallace-independent-research/research_papers/missing_papers/zodiac_mathematics/supporting_materials",
      "success": false,
      "stdout": "Running tests from /Users/coo-koba42/dev/bradley-wallace-independent-research/research_papers/bradley-wallace-independent-research/research_papers/missing_papers/zodiac_mathematics/supporting_materials/tests/test_zodiac_consciousness_mathematics.py...\n\u2705 All tests passed!\n",
      "stderr": "Traceback (most recent call last):\n  File \"/Users/coo-koba42/dev/bradley-wallace-independent-research/research_papers/bradley-wallace-independent-research/research_papers/missing_papers/zodiac_mathematics/supporting_materials/validation_logs/run_validation_zodiac_consciousness_mathematics.py\", line 94, in <module>\n    run_validation()\n  File \"/Users/coo-koba42/dev/bradley-wallace-independent-research/research_papers/bradley-wallace-independent-research/research_papers/missing_papers/zodiac_mathematics/supporting_materials/validation_logs/run_validation_zodiac_consciousness_mathematics.py\", line 80, in run_validation\n    for idx, thm in enumerate(theorems):\nNameError: name 'theorems' is not defined\n",
      "returncode": 1
    },
    {
      "paper": "lucas_cycle_consciousness",
      "path": "/Users/coo-koba42/dev/bradley-wallace-independent-research/research_papers/bradley-wallace-independent-research/research_papers/missing_papers/lucas_cycles/supporting_materials",
      "success": false,
      "stdout": "\u26a0\ufe0f  Test file not found: /Users/coo-koba42/dev/bradley-wallace-independent-research/research_papers/bradley-wallace-independent-research/research_papers/missing_papers/lucas_cycles/supporting_materials/tests/test_lucas_cycle_consciousness.py\n",
      "stderr": "Traceback (most recent call last):\n  File \"/Users/coo-koba42/dev/bradley-wallace-independent-research/research_papers/bradley-wallace-independent-research/research_papers/missing_papers/lucas_cycles/supporting_materials/validation_logs/run_validation_lucas_cycle_consciousness.py\", line 94, in <module>\n    run_validation()\n  File \"/Users/coo-koba42/dev/bradley-wallace-independent-research/research_papers/bradley-wallace-independent-research/research_papers/missing_papers/lucas_cycles/supporting_materials/validation_logs/run_validation_lucas_cycle_consciousness.py\", line 80, in run_validation\n    for idx, thm in enumerate(theorems):\nNameError: name 'theorems' is not defined\n",
      "returncode": 1
    },
    {
      "paper": "egyptian_mathic_consciousness",
      "path": "/Users/coo-koba42/dev/bradley-wallace-independent-research/research_papers/bradley-wallace-independent-research/research_papers/missing_papers/egyptian_mathematics/supporting_materials",
      "success": false,
      "stdout": "Running tests from /Users/coo-koba42/dev/bradley-wallace-independent-research/research_papers/bradley-wallace-independent-research/research_papers/missing_papers/egyptian_mathematics/supporting_materials/tests/test_egyptian_mathic_consciousness.py...\n\u2705 All tests passed!\n",
      "stderr": "Traceback (most recent call last):\n  File \"/Users/coo-koba42/dev/bradley-wallace-independent-research/research_papers/bradley-wallace-independent-research/research_papers/missing_papers/egyptian_mathematics/supporting_materials/validation_logs/run_validation_egyptian_mathic_consciousness.py\", line 94, in <module>\n    run_validation()\n  File \"/Users/coo-koba42/dev/bradley-wallace-independent-research/research_papers/bradley-wallace-independent-research/research_papers/missing_papers/egyptian_mathematics/supporting_materials/validation_logs/run_validation_egyptian_mathic_consciousness.py\", line 80, in run_validation\n    for idx, thm in enumerate(theorems):\nNameError: name 'theorems' is not defined\n",
      "returncode": 1
    },
    {
      "paper": "riemann_hypothesis_analysis",
      "path": "/Users/coo-koba42/dev/bradley-wallace-independent-research/research_papers/bradley-wallace-independent-research/research_papers/missing_papers/foundational/supporting_materials",
      "success": false,
      "stdout": "\u26a0\ufe0f  Test file not found: /Users/coo-koba42/dev/bradley-wallace-independent-research/research_papers/bradley-wallace-independent-research/research_papers/missing_papers/foundational/supporting_materials/tests/test_riemann_hypothesis_analysis.py\n",
      "stderr": "Traceback (most recent call last):\n  File \"/Users/coo-koba42/dev/bradley-wallace-independent-research/research_papers/bradley-wallace-independent-research/research_papers/missing_papers/foundational/supporting_materials/validation_logs/run_validation_riemann_hypothesis_analysis.py\", line 94, in <module>\n    run_validation()\n  File \"/Users/coo-koba42/dev/bradley-wallace-independent-research/research_papers/bradley-wallace-independent-research/research_papers/missing_papers/foundational/supporting_materials/validation_logs/run_validation_riemann_hypothesis_analysis.py\", line 80, in run_validation\n    for idx, thm in enumerate(theorems):\nNameError: name 'theorems' is not defined\n",
      "returncode": 1
    },
    {
      "paper": "millennium_prize_frameworks",
      "path": "/Users/coo-koba42/dev/bradley-wallace-independent-research/research_papers/bradley-wallace-independent-research/research_papers/missing_papers/foundational/supporting_materials",
      "success": false,
      "stdout": "\u26a0\ufe0f  Test file not found: /Users/coo-koba42/dev/bradley-wallace-independent-research/research_papers/bradley-wallace-independent-research/research_papers/missing_papers/foundational/supporting_materials/tests/test_millennium_prize_frameworks.py\n",
      "stderr": "Traceback (most recent call last):\n  File \"/Users/coo-koba42/dev/bradley-wallace-independent-research/research_papers/bradley-wallace-independent-research/research_papers/missing_papers/foundational/supporting_materials/validation_logs/run_validation_millennium_prize_frameworks.py\", line 94, in <module>\n    run_validation()\n  File \"/Users/coo-koba42/dev/bradley-wallace-independent-research/research_papers/bradley-wallace-independent-research/research_papers/missing_papers/foundational/supporting_materials/validation_logs/run_validation_millennium_prize_frameworks.py\", line 80, in run_validation\n    for idx, thm in enumerate(theorems):\nNameError: name 'theorems' is not defined\n",
      "returncode": 1
    },
    {
      "paper": "p_vs_np_analysis",
      "path": "/Users/coo-koba42/dev/bradley-wallace-independent-research/research_papers/bradley-wallace-independent-research/research_papers/missing_papers/foundational/supporting_materials",
      "success": false,
      "stdout": "\u26a0\ufe0f  Test file not found: /Users/coo-koba42/dev/bradley-wallace-independent-research/research_papers/bradley-wallace-independent-research/research_papers/missing_papers/foundational/supporting_materials/tests/test_p_vs_np_analysis.py\n",
      "stderr": "Traceback (most recent call last):\n  File \"/Users/coo-koba42/dev/bradley-wallace-independent-research/research_papers/bradley-wallace-independent-research/research_papers/missing_papers/foundational/supporting_materials/validation_logs/run_validation_p_vs_np_analysis.py\", line 94, in <module>\n    run_validation()\n  File \"/Users/coo-koba42/dev/bradley-wallace-independent-research/research_papers/bradley-wallace-independent-research/research_papers/missing_papers/foundational/supporting_materials/validation_logs/run_validation_p_vs_np_analysis.py\", line 80, in run_validation\n    for idx, thm in enumerate(theorems):\nNameError: name 'theorems' is not defined\n",
      "returncode": 1
    },
    {
      "paper": "christopher_wallace_methodology",
      "path": "/Users/coo-koba42/dev/bradley-wallace-independent-research/research_papers/bradley-wallace-independent-research/research_papers/missing_papers/christopher_wallace/supporting_materials",
      "success": false,
      "stdout": "\u26a0\ufe0f  Test file not found: /Users/coo-koba42/dev/bradley-wallace-independent-research/research_papers/bradley-wallace-independent-research/research_papers/missing_papers/christopher_wallace/supporting_materials/tests/test_christopher_wallace_methodology.py\n",
      "stderr": "Traceback (most recent call last):\n  File \"/Users/coo-koba42/dev/bradley-wallace-independent-research/research_papers/bradley-wallace-independent-research/research_papers/missing_papers/christopher_wallace/supporting_materials/validation_logs/run_validation_christopher_wallace_methodology.py\", line 94, in <module>\n    run_validation()\n  File \"/Users/coo-koba42/dev/bradley-wallace-independent-research/research_papers/bradley-wallace-independent-research/research_papers/missing_papers/christopher_wallace/supporting_materials/validation_logs/run_validation_christopher_wallace_methodology.py\", line 80, in run_validation\n    for idx, thm in enumerate(theorems):\nNameError: name 'theorems' is not defined\n",
      "returncode": 1
    },
    {
      "paper": "christopher_wallace_validation",
      "path": "/Users/coo-koba42/dev/bradley-wallace-independent-research/research_papers/bradley-wallace-independent-research/research_papers/missing_papers/christopher_wallace/supporting_materials",
      "success": false,
      "stdout": "\u26a0\ufe0f  Test file not found: /Users/coo-koba42/dev/bradley-wallace-independent-research/research_papers/bradley-wallace-independent-research/research_papers/missing_papers/christopher_wallace/supporting_materials/tests/test_christopher_wallace_validation.py\n",
      "stderr": "Traceback (most recent call last):\n  File \"/Users/coo-koba42/dev/bradley-wallace-independent-research/research_papers/bradley-wallace-independent-research/research_papers/missing_papers/christopher_wallace/supporting_materials/validation_logs/run_validation_christopher_wallace_validation.py\", line 94, in <module>\n    run_validation()\n  File \"/Users/coo-koba42/dev/bradley-wallace-independent-research/research_papers/bradley-wallace-independent-research/research_papers/missing_papers/christopher_wallace/supporting_materials/validation_logs/run_validation_christopher_wallace_validation.py\", line 80, in run_validation\n    for idx, thm in enumerate(theorems):\nNameError: name 'theorems' is not defined\n",
      "returncode": 1
    },
    {
      "paper": "christopher_wallace_historical_context",
      "path": "/Users/coo-koba42/dev/bradley-wallace-independent-research/research_papers/bradley-wallace-independent-research/research_papers/missing_papers/christopher_wallace/supporting_materials",
      "success": false,
      "stdout": "\u26a0\ufe0f  Test file not found: /Users/coo-koba42/dev/bradley-wallace-independent-research/research_papers/bradley-wallace-independent-research/research_papers/missing_papers/christopher_wallace/supporting_materials/tests/test_christopher_wallace_historical_context.py\n",
      "stderr": "Traceback (most recent call last):\n  File \"/Users/coo-koba42/dev/bradley-wallace-independent-research/research_papers/bradley-wallace-independent-research/research_papers/missing_papers/christopher_wallace/supporting_materials/validation_logs/run_validation_christopher_wallace_historical_context.py\", line 94, in <module>\n    run_validation()\n  File \"/Users/coo-koba42/dev/bradley-wallace-independent-research/research_papers/bradley-wallace-independent-research/research_papers/missing_papers/christopher_wallace/supporting_materials/validation_logs/run_validation_christopher_wallace_historical_context.py\", line 80, in run_validation\n    for idx, thm in enumerate(theorems):\nNameError: name 'theorems' is not defined\n",
      "returncode": 1
    },
    {
      "paper": "christopher_wallace_results_appendix",
      "path": "/Users/coo-koba42/dev/bradley-wallace-independent-research/research_papers/bradley-wallace-independent-research/research_papers/missing_papers/christopher_wallace/supporting_materials",
      "success": false,
      "stdout": "\u26a0\ufe0f  Test file not found: /Users/coo-koba42/dev/bradley-wallace-independent-research/research_papers/bradley-wallace-independent-research/research_papers/missing_papers/christopher_wallace/supporting_materials/tests/test_christopher_wallace_results_appendix.py\n",
      "stderr": "Traceback (most recent call last):\n  File \"/Users/coo-koba42/dev/bradley-wallace-independent-research/research_papers/bradley-wallace-independent-research/research_papers/missing_papers/christopher_wallace/supporting_materials/validation_logs/run_validation_christopher_wallace_results_appendix.py\", line 94, in <module>\n    run_validation()\n  File \"/Users/coo-koba42/dev/bradley-wallace-independent-research/research_papers/bradley-wallace-independent-research/research_papers/missing_papers/christopher_wallace/supporting_materials/validation_logs/run_validation_christopher_wallace_results_appendix.py\", line 80, in run_validation\n    for idx, thm in enumerate(theorems):\nNameError: name 'theorems' is not defined\n",
      "returncode": 1
    },
    {
      "paper": "christopher_wallace_complete_validation_report",
      "path": "/Users/coo-koba42/dev/bradley-wallace-independent-research/research_papers/bradley-wallace-independent-research/research_papers/missing_papers/christopher_wallace/supporting_materials",
      "success": false,
      "stdout": "\u26a0\ufe0f  Test file not found: /Users/coo-koba42/dev/bradley-wallace-independent-research/research_papers/bradley-wallace-independent-research/research_papers/missing_papers/christopher_wallace/supporting_materials/tests/test_christopher_wallace_complete_validation_report.py\n",
      "stderr": "Traceback (most recent call last):\n  File \"/Users/coo-koba42/dev/bradley-wallace-independent-research/research_papers/bradley-wallace-independent-research/research_papers/missing_papers/christopher_wallace/supporting_materials/validation_logs/run_validation_christopher_wallace_complete_validation_report.py\", line 94, in <module>\n    run_validation()\n  File \"/Users/coo-koba42/dev/bradley-wallace-independent-research/research_papers/bradley-wallace-independent-research/research_papers/missing_papers/christopher_wallace/supporting_materials/validation_logs/run_validation_christopher_wallace_complete_validation_report.py\", line 80, in run_validation\n    for idx, thm in enumerate(theorems):\nNameError: name 'theorems' is not defined\n",
      "returncode": 1
    },
    {
      "paper": "m_theory_genetic_lineage_consciousness",
      "path": "/Users/coo-koba42/dev/bradley-wallace-independent-research/research_papers/bradley-wallace-independent-research/research_papers/missing_papers/m_theory_genetics/supporting_materials",
      "success": false,
      "stdout": "\u26a0\ufe0f  Test file not found: /Users/coo-koba42/dev/bradley-wallace-independent-research/research_papers/bradley-wallace-independent-research/research_papers/missing_papers/m_theory_genetics/supporting_materials/tests/test_m_theory_genetic_lineage_consciousness.py\n",
      "stderr": "Traceback (most recent call last):\n  File \"/Users/coo-koba42/dev/bradley-wallace-independent-research/research_papers/bradley-wallace-independent-research/research_papers/missing_papers/m_theory_genetics/supporting_materials/validation_logs/run_validation_m_theory_genetic_lineage_consciousness.py\", line 94, in <module>\n    run_validation()\n  File \"/Users/coo-koba42/dev/bradley-wallace-independent-research/research_papers/bradley-wallace-independent-research/research_papers/missing_papers/m_theory_genetics/supporting_materials/validation_logs/run_validation_m_theory_genetic_lineage_consciousness.py\", line 80, in run_validation\n    for idx, thm in enumerate(theorems):\nNameError: name 'theorems' is not defined\n",
      "returncode": 1
    },
    {
      "paper": "consciousness_mathematics_framework",
      "path": "/Users/coo-koba42/dev/bradley-wallace-independent-research/research_papers/supporting_materials",
      "success": true,
      "stdout": "",
      "stderr": "",
      "returncode": 0
    },
    {
      "paper": "MOBIUS_LOOP_LEARNING",
      "path": "/Users/coo-koba42/dev/bradley-wallace-independent-research/subjects/consciousness-mathematics/core-framework/supporting_materials",
      "success": false,
      "stdout": "\u26a0\ufe0f  Test file not found: /Users/coo-koba42/dev/bradley-wallace-independent-research/subjects/consciousness-mathematics/core-framework/supporting_materials/tests/test_MOBIUS_LOOP_LEARNING.py\n",
      "stderr": "Traceback (most recent call last):\n  File \"/Users/coo-koba42/dev/bradley-wallace-independent-research/subjects/consciousness-mathematics/core-framework/supporting_materials/validation_logs/run_validation_MOBIUS_LOOP_LEARNING.py\", line 94, in <module>\n    run_validation()\n  File \"/Users/coo-koba42/dev/bradley-wallace-independent-research/subjects/consciousness-mathematics/core-framework/supporting_materials/validation_logs/run_validation_MOBIUS_LOOP_LEARNING.py\", line 80, in run_validation\n    for idx, thm in enumerate(theorems):\nNameError: name 'theorems' is not defined\n",
      "returncode": 1
    },
    {
      "paper": "PAC_COMPUTING_BREAKTHROUGHS",
      "path": "/Users/coo-koba42/dev/bradley-wallace-independent-research/subjects/consciousness-mathematics/core-framework/supporting_materials",
      "success": false,
      "stdout": "\u26a0\ufe0f  Test file not found: /Users/coo-koba42/dev/bradley-wallace-independent-research/subjects/consciousness-mathematics/core-framework/supporting_materials/tests/test_PAC_COMPUTING_BREAKTHROUGHS.py\n",
      "stderr": "Traceback (most recent call last):\n  File \"/Users/coo-koba42/dev/bradley-wallace-independent-research/subjects/consciousness-mathematics/core-framework/supporting_materials/validation_logs/run_validation_PAC_COMPUTING_BREAKTHROUGHS.py\", line 94, in <module>\n    run_validation()\n  File \"/Users/coo-koba42/dev/bradley-wallace-independent-research/subjects/consciousness-mathematics/core-framework/supporting_materials/validation_logs/run_validation_PAC_COMPUTING_BREAKTHROUGHS.py\", line 80, in run_validation\n    for idx, thm in enumerate(theorems):\nNameError: name 'theorems' is not defined\n",
      "returncode": 1
    },
    {
      "paper": "CONSCIOUSNESS_MATHEMATICS_FRAMEWORK",
      "path": "/Users/coo-koba42/dev/bradley-wallace-independent-research/subjects/consciousness-mathematics/core-framework/supporting_materials",
      "success": false,
      "stdout": "\u26a0\ufe0f  Test file not found: /Users/coo-koba42/dev/bradley-wallace-independent-research/subjects/consciousness-mathematics/core-framework/supporting_materials/tests/test_CONSCIOUSNESS_MATHEMATICS_FRAMEWORK.py\n",
      "stderr": "Traceback (most recent call last):\n  File \"/Users/coo-koba42/dev/bradley-wallace-independent-research/subjects/consciousness-mathematics/core-framework/supporting_materials/validation_logs/run_validation_CONSCIOUSNESS_MATHEMATICS_FRAMEWORK.py\", line 94, in <module>\n    run_validation()\n  File \"/Users/coo-koba42/dev/bradley-wallace-independent-research/subjects/consciousness-mathematics/core-framework/supporting_materials/validation_logs/run_validation_CONSCIOUSNESS_MATHEMATICS_FRAMEWORK.py\", line 80, in run_validation\n    for idx, thm in enumerate(theorems):\nNameError: name 'theorems' is not defined\n",
      "returncode": 1
    },
    {
      "paper": "OMNIFORGE_CREATION_ENGINE",
      "path": "/Users/coo-koba42/dev/bradley-wallace-independent-research/subjects/consciousness-mathematics/core-framework/supporting_materials",
      "success": false,
      "stdout": "\u26a0\ufe0f  Test file not found: /Users/coo-koba42/dev/bradley-wallace-independent-research/subjects/consciousness-mathematics/core-framework/supporting_materials/tests/test_OMNIFORGE_CREATION_ENGINE.py\n",
      "stderr": "Traceback (most recent call last):\n  File \"/Users/coo-koba42/dev/bradley-wallace-independent-research/subjects/consciousness-mathematics/core-framework/supporting_materials/validation_logs/run_validation_OMNIFORGE_CREATION_ENGINE.py\", line 94, in <module>\n    run_validation()\n  File \"/Users/coo-koba42/dev/bradley-wallace-independent-research/subjects/consciousness-mathematics/core-framework/supporting_materials/validation_logs/run_validation_OMNIFORGE_CREATION_ENGINE.py\", line 80, in run_validation\n    for idx, thm in enumerate(theorems):\nNameError: name 'theorems' is not defined\n",
      "returncode": 1
    },
    {
      "paper": "quantum_chaos_selberg_consciousness_em_bridge",
      "path": "/Users/coo-koba42/dev/bradley-wallace-independent-research/subjects/consciousness-mathematics/quantum-integration/supporting_materials",
      "success": false,
      "stdout": "Running tests from /Users/coo-koba42/dev/bradley-wallace-independent-research/subjects/consciousness-mathematics/quantum-integration/supporting_materials/tests/test_quantum_chaos_selberg_consciousness_em_bridge.py...\n\u2705 All tests passed!\n",
      "stderr": "Traceback (most recent call last):\n  File \"/Users/coo-koba42/dev/bradley-wallace-independent-research/subjects/consciousness-mathematics/quantum-integration/supporting_materials/validation_logs/run_validation_quantum_chaos_selberg_consciousness_em_bridge.py\", line 94, in <module>\n    run_validation()\n  File \"/Users/coo-koba42/dev/bradley-wallace-independent-research/subjects/consciousness-mathematics/quantum-integration/supporting_materials/validation_logs/run_validation_quantum_chaos_selberg_consciousness_em_bridge.py\", line 80, in run_validation\n    for idx, thm in enumerate(theorems):\nNameError: name 'theorems' is not defined\n",
      "returncode": 1
    },
    {
      "paper": "wallace_pac_comprehensive_achievements",
      "path": "/Users/coo-koba42/dev/bradley-wallace-independent-research/subjects/consciousness-mathematics/performance-benchmarks/supporting_materials",
      "success": false,
      "stdout": "\u26a0\ufe0f  Test file not found: /Users/coo-koba42/dev/bradley-wallace-independent-research/subjects/consciousness-mathematics/performance-benchmarks/supporting_materials/tests/test_wallace_pac_comprehensive_achievements.py\n",
      "stderr": "Traceback (most recent call last):\n  File \"/Users/coo-koba42/dev/bradley-wallace-independent-research/subjects/consciousness-mathematics/performance-benchmarks/supporting_materials/validation_logs/run_validation_wallace_pac_comprehensive_achievements.py\", line 94, in <module>\n    run_validation()\n  File \"/Users/coo-koba42/dev/bradley-wallace-independent-research/subjects/consciousness-mathematics/performance-benchmarks/supporting_materials/validation_logs/run_validation_wallace_pac_comprehensive_achievements.py\", line 80, in run_validation\n    for idx, thm in enumerate(theorems):\nNameError: name 'theorems' is not defined\n",
      "returncode": 1
    },
    {
      "paper": "comprehensive_pac_achievements",
      "path": "/Users/coo-koba42/dev/bradley-wallace-independent-research/subjects/consciousness-mathematics/performance-benchmarks/supporting_materials",
      "success": false,
      "stdout": "\u26a0\ufe0f  Test file not found: /Users/coo-koba42/dev/bradley-wallace-independent-research/subjects/consciousness-mathematics/performance-benchmarks/supporting_materials/tests/test_comprehensive_pac_achievements.py\n",
      "stderr": "Traceback (most recent call last):\n  File \"/Users/coo-koba42/dev/bradley-wallace-independent-research/subjects/consciousness-mathematics/performance-benchmarks/supporting_materials/validation_logs/run_validation_comprehensive_pac_achievements.py\", line 94, in <module>\n    run_validation()\n  File \"/Users/coo-koba42/dev/bradley-wallace-independent-research/subjects/consciousness-mathematics/performance-benchmarks/supporting_materials/validation_logs/run_validation_comprehensive_pac_achievements.py\", line 80, in run_validation\n    for idx, thm in enumerate(theorems):\nNameError: name 'theorems' is not defined\n",
      "returncode": 1
    },
    {
      "paper": "unified_field_expanded",
      "path": "/Users/coo-koba42/dev/bradley-wallace-independent-research/subjects/unified-mathematical-frameworks/comprehensive-frameworks/supporting_materials",
      "success": false,
      "stdout": "\u26a0\ufe0f  Test file not found: /Users/coo-koba42/dev/bradley-wallace-independent-research/subjects/unified-mathematical-frameworks/comprehensive-frameworks/supporting_materials/tests/test_unified_field_expanded.py\n",
      "stderr": "Traceback (most recent call last):\n  File \"/Users/coo-koba42/dev/bradley-wallace-independent-research/subjects/unified-mathematical-frameworks/comprehensive-frameworks/supporting_materials/validation_logs/run_validation_unified_field_expanded.py\", line 94, in <module>\n    run_validation()\n  File \"/Users/coo-koba42/dev/bradley-wallace-independent-research/subjects/unified-mathematical-frameworks/comprehensive-frameworks/supporting_materials/validation_logs/run_validation_unified_field_expanded.py\", line 80, in run_validation\n    for idx, thm in enumerate(theorems):\nNameError: name 'theorems' is not defined\n",
      "returncode": 1
    },
    {
      "paper": "unified_frameworks_solutions",
      "path": "/Users/coo-koba42/dev/bradley-wallace-independent-research/subjects/unified-mathematical-frameworks/comprehensive-frameworks/supporting_materials",
      "success": false,
      "stdout": "\u26a0\ufe0f  Test file not found: /Users/coo-koba42/dev/bradley-wallace-independent-research/subjects/unified-mathematical-frameworks/comprehensive-frameworks/supporting_materials/tests/test_unified_frameworks_solutions.py\n",
      "stderr": "Traceback (most recent call last):\n  File \"/Users/coo-koba42/dev/bradley-wallace-independent-research/subjects/unified-mathematical-frameworks/comprehensive-frameworks/supporting_materials/validation_logs/run_validation_unified_frameworks_solutions.py\", line 94, in <module>\n    run_validation()\n  File \"/Users/coo-koba42/dev/bradley-wallace-independent-research/subjects/unified-mathematical-frameworks/comprehensive-frameworks/supporting_materials/validation_logs/run_validation_unified_frameworks_solutions.py\", line 80, in run_validation\n    for idx, thm in enumerate(theorems):\nNameError: name 'theorems' is not defined\n",
      "returncode": 1
    },
    {
      "paper": "comprehensive_mathematical_problems",
      "path": "/Users/coo-koba42/dev/bradley-wallace-independent-research/subjects/unified-mathematical-frameworks/comprehensive-frameworks/supporting_materials",
      "success": false,
      "stdout": "\u26a0\ufe0f  Test file not found: /Users/coo-koba42/dev/bradley-wallace-independent-research/subjects/unified-mathematical-frameworks/comprehensive-frameworks/supporting_materials/tests/test_comprehensive_mathematical_problems.py\n",
      "stderr": "Traceback (most recent call last):\n  File \"/Users/coo-koba42/dev/bradley-wallace-independent-research/subjects/unified-mathematical-frameworks/comprehensive-frameworks/supporting_materials/validation_logs/run_validation_comprehensive_mathematical_problems.py\", line 94, in <module>\n    run_validation()\n  File \"/Users/coo-koba42/dev/bradley-wallace-independent-research/subjects/unified-mathematical-frameworks/comprehensive-frameworks/supporting_materials/validation_logs/run_validation_comprehensive_mathematical_problems.py\", line 80, in run_validation\n    for idx, thm in enumerate(theorems):\nNameError: name 'theorems' is not defined\n",
      "returncode": 1
    },
    {
      "paper": "wallace_unified_theory_complete",
      "path": "/Users/coo-koba42/dev/bradley-wallace-independent-research/subjects/unified-mathematical-frameworks/wallace_transformation/supporting_materials",
      "success": false,
      "stdout": "Running tests from /Users/coo-koba42/dev/bradley-wallace-independent-research/subjects/unified-mathematical-frameworks/wallace_transformation/supporting_materials/tests/test_wallace_unified_theory_complete.py...\n\u26a0\ufe0f  Some tests failed\n",
      "stderr": "Traceback (most recent call last):\n  File \"/Users/coo-koba42/dev/bradley-wallace-independent-research/subjects/unified-mathematical-frameworks/wallace_transformation/supporting_materials/validation_logs/run_validation_wallace_unified_theory_complete.py\", line 94, in <module>\n    run_validation()\n  File \"/Users/coo-koba42/dev/bradley-wallace-independent-research/subjects/unified-mathematical-frameworks/wallace_transformation/supporting_materials/validation_logs/run_validation_wallace_unified_theory_complete.py\", line 80, in run_validation\n    for idx, thm in enumerate(theorems):\nNameError: name 'theorems' is not defined\n",
      "returncode": 1
    },
    {
      "paper": "p_vs_np_cross_examination",
      "path": "/Users/coo-koba42/dev/bradley-wallace-independent-research/subjects/unified-mathematical-frameworks/paradigm-shifts/supporting_materials",
      "success": false,
      "stdout": "Running tests from /Users/coo-koba42/dev/bradley-wallace-independent-research/subjects/unified-mathematical-frameworks/paradigm-shifts/supporting_materials/tests/test_p_vs_np_cross_examination.py...\n\u2705 All tests passed!\n",
      "stderr": "Traceback (most recent call last):\n  File \"/Users/coo-koba42/dev/bradley-wallace-independent-research/subjects/unified-mathematical-frameworks/paradigm-shifts/supporting_materials/validation_logs/run_validation_p_vs_np_cross_examination.py\", line 94, in <module>\n    run_validation()\n  File \"/Users/coo-koba42/dev/bradley-wallace-independent-research/subjects/unified-mathematical-frameworks/paradigm-shifts/supporting_materials/validation_logs/run_validation_p_vs_np_cross_examination.py\", line 80, in run_validation\n    for idx, thm in enumerate(theorems):\nNameError: name 'theorems' is not defined\n",
      "returncode": 1
    },
    {
      "paper": "christopher_wallace_methodology",
      "path": "/Users/coo-koba42/dev/bradley-wallace-independent-research/subjects/wallace-convergence/christopher-wallace-validation/supporting_materials",
      "success": false,
      "stdout": "\u26a0\ufe0f  Test file not found: /Users/coo-koba42/dev/bradley-wallace-independent-research/subjects/wallace-convergence/christopher-wallace-validation/supporting_materials/tests/test_christopher_wallace_methodology.py\n",
      "stderr": "Traceback (most recent call last):\n  File \"/Users/coo-koba42/dev/bradley-wallace-independent-research/subjects/wallace-convergence/christopher-wallace-validation/supporting_materials/validation_logs/run_validation_christopher_wallace_methodology.py\", line 94, in <module>\n    run_validation()\n  File \"/Users/coo-koba42/dev/bradley-wallace-independent-research/subjects/wallace-convergence/christopher-wallace-validation/supporting_materials/validation_logs/run_validation_christopher_wallace_methodology.py\", line 80, in run_validation\n    for idx, thm in enumerate(theorems):\nNameError: name 'theorems' is not defined\n",
      "returncode": 1
    },
    {
      "paper": "christopher_wallace_validation",
      "path": "/Users/coo-koba42/dev/bradley-wallace-independent-research/subjects/wallace-convergence/christopher-wallace-validation/supporting_materials",
      "success": false,
      "stdout": "\u26a0\ufe0f  Test file not found: /Users/coo-koba42/dev/bradley-wallace-independent-research/subjects/wallace-convergence/christopher-wallace-validation/supporting_materials/tests/test_christopher_wallace_validation.py\n",
      "stderr": "Traceback (most recent call last):\n  File \"/Users/coo-koba42/dev/bradley-wallace-independent-research/subjects/wallace-convergence/christopher-wallace-validation/supporting_materials/validation_logs/run_validation_christopher_wallace_validation.py\", line 94, in <module>\n    run_validation()\n  File \"/Users/coo-koba42/dev/bradley-wallace-independent-research/subjects/wallace-convergence/christopher-wallace-validation/supporting_materials/validation_logs/run_validation_christopher_wallace_validation.py\", line 80, in run_validation\n    for idx, thm in enumerate(theorems):\nNameError: name 'theorems' is not defined\n",
      "returncode": 1
    },
    {
      "paper": "christopher_wallace_historical_context",
      "path": "/Users/coo-koba42/dev/bradley-wallace-independent-research/subjects/wallace-convergence/christopher-wallace-validation/supporting_materials",
      "success": false,
      "stdout": "\u26a0\ufe0f  Test file not found: /Users/coo-koba42/dev/bradley-wallace-independent-research/subjects/wallace-convergence/christopher-wallace-validation/supporting_materials/tests/test_christopher_wallace_historical_context.py\n",
      "stderr": "Traceback (most recent call last):\n  File \"/Users/coo-koba42/dev/bradley-wallace-independent-research/subjects/wallace-convergence/christopher-wallace-validation/supporting_materials/validation_logs/run_validation_christopher_wallace_historical_context.py\", line 94, in <module>\n    run_validation()\n  File \"/Users/coo-koba42/dev/bradley-wallace-independent-research/subjects/wallace-convergence/christopher-wallace-validation/supporting_materials/validation_logs/run_validation_christopher_wallace_historical_context.py\", line 80, in run_validation\n    for idx, thm in enumerate(theorems):\nNameError: name 'theorems' is not defined\n",
      "returncode": 1
    },
    {
      "paper": "christopher_wallace_results_appendix",
      "path": "/Users/coo-koba42/dev/bradley-wallace-independent-research/subjects/wallace-convergence/christopher-wallace-validation/supporting_materials",
      "success": false,
      "stdout": "\u26a0\ufe0f  Test file not found: /Users/coo-koba42/dev/bradley-wallace-independent-research/subjects/wallace-convergence/christopher-wallace-validation/supporting_materials/tests/test_christopher_wallace_results_appendix.py\n",
      "stderr": "Traceback (most recent call last):\n  File \"/Users/coo-koba42/dev/bradley-wallace-independent-research/subjects/wallace-convergence/christopher-wallace-validation/supporting_materials/validation_logs/run_validation_christopher_wallace_results_appendix.py\", line 94, in <module>\n    run_validation()\n  File \"/Users/coo-koba42/dev/bradley-wallace-independent-research/subjects/wallace-convergence/christopher-wallace-validation/supporting_materials/validation_logs/run_validation_christopher_wallace_results_appendix.py\", line 80, in run_validation\n    for idx, thm in enumerate(theorems):\nNameError: name 'theorems' is not defined\n",
      "returncode": 1
    },
    {
      "paper": "christopher_wallace_complete_validation_report",
      "path": "/Users/coo-koba42/dev/bradley-wallace-independent-research/subjects/wallace-convergence/christopher-wallace-validation/supporting_materials",
      "success": false,
      "stdout": "\u26a0\ufe0f  Test file not found: /Users/coo-koba42/dev/bradley-wallace-independent-research/subjects/wallace-convergence/christopher-wallace-validation/supporting_materials/tests/test_christopher_wallace_complete_validation_report.py\n",
      "stderr": "Traceback (most recent call last):\n  File \"/Users/coo-koba42/dev/bradley-wallace-independent-research/subjects/wallace-convergence/christopher-wallace-validation/supporting_materials/validation_logs/run_validation_christopher_wallace_complete_validation_report.py\", line 94, in <module>\n    run_validation()\n  File \"/Users/coo-koba42/dev/bradley-wallace-independent-research/subjects/wallace-convergence/christopher-wallace-validation/supporting_materials/validation_logs/run_validation_christopher_wallace_complete_validation_report.py\", line 80, in run_validation\n    for idx, thm in enumerate(theorems):\nNameError: name 'theorems' is not defined\n",
      "returncode": 1
    },
    {
      "paper": "research_evolution_addendum",
      "path": "/Users/coo-koba42/dev/bradley-wallace-independent-research/subjects/wallace-convergence/independent-research-journey/supporting_materials",
      "success": false,
      "stdout": "\u26a0\ufe0f  Test file not found: /Users/coo-koba42/dev/bradley-wallace-independent-research/subjects/wallace-convergence/independent-research-journey/supporting_materials/tests/test_research_evolution_addendum.py\n",
      "stderr": "Traceback (most recent call last):\n  File \"/Users/coo-koba42/dev/bradley-wallace-independent-research/subjects/wallace-convergence/independent-research-journey/supporting_materials/validation_logs/run_validation_research_evolution_addendum.py\", line 94, in <module>\n    run_validation()\n  File \"/Users/coo-koba42/dev/bradley-wallace-independent-research/subjects/wallace-convergence/independent-research-journey/supporting_materials/validation_logs/run_validation_research_evolution_addendum.py\", line 80, in run_validation\n    for idx, thm in enumerate(theorems):\nNameError: name 'theorems' is not defined\n",
      "returncode": 1
    },
    {
      "paper": "research_journey_biography",
      "path": "/Users/coo-koba42/dev/bradley-wallace-independent-research/subjects/wallace-convergence/independent-research-journey/supporting_materials",
      "success": false,
      "stdout": "\u26a0\ufe0f  Test file not found: /Users/coo-koba42/dev/bradley-wallace-independent-research/subjects/wallace-convergence/independent-research-journey/supporting_materials/tests/test_research_journey_biography.py\n",
      "stderr": "Traceback (most recent call last):\n  File \"/Users/coo-koba42/dev/bradley-wallace-independent-research/subjects/wallace-convergence/independent-research-journey/supporting_materials/validation_logs/run_validation_research_journey_biography.py\", line 94, in <module>\n    run_validation()\n  File \"/Users/coo-koba42/dev/bradley-wallace-independent-research/subjects/wallace-convergence/independent-research-journey/supporting_materials/validation_logs/run_validation_research_journey_biography.py\", line 80, in run_validation\n    for idx, thm in enumerate(theorems):\nNameError: name 'theorems' is not defined\n",
      "returncode": 1
    },
    {
      "paper": "structured_chaos_foundation",
      "path": "/Users/coo-koba42/dev/bradley-wallace-independent-research/subjects/wallace-convergence/independent-research-journey/supporting_materials",
      "success": false,
      "stdout": "\u26a0\ufe0f  Test file not found: /Users/coo-koba42/dev/bradley-wallace-independent-research/subjects/wallace-convergence/independent-research-journey/supporting_materials/tests/test_structured_chaos_foundation.py\n",
      "stderr": "Traceback (most recent call last):\n  File \"/Users/coo-koba42/dev/bradley-wallace-independent-research/subjects/wallace-convergence/independent-research-journey/supporting_materials/validation_logs/run_validation_structured_chaos_foundation.py\", line 94, in <module>\n    run_validation()\n  File \"/Users/coo-koba42/dev/bradley-wallace-independent-research/subjects/wallace-convergence/independent-research-journey/supporting_materials/validation_logs/run_validation_structured_chaos_foundation.py\", line 80, in run_validation\n    for idx, thm in enumerate(theorems):\nNameError: name 'theorems' is not defined\n",
      "returncode": 1
    },
    {
      "paper": "riemann_hypothesis_analysis",
      "path": "/Users/coo-koba42/dev/bradley-wallace-independent-research/subjects/wallace-convergence/advanced-mathematical-solutions/supporting_materials",
      "success": false,
      "stdout": "\u26a0\ufe0f  Test file not found: /Users/coo-koba42/dev/bradley-wallace-independent-research/subjects/wallace-convergence/advanced-mathematical-solutions/supporting_materials/tests/test_riemann_hypothesis_analysis.py\n",
      "stderr": "Traceback (most recent call last):\n  File \"/Users/coo-koba42/dev/bradley-wallace-independent-research/subjects/wallace-convergence/advanced-mathematical-solutions/supporting_materials/validation_logs/run_validation_riemann_hypothesis_analysis.py\", line 94, in <module>\n    run_validation()\n  File \"/Users/coo-koba42/dev/bradley-wallace-independent-research/subjects/wallace-convergence/advanced-mathematical-solutions/supporting_materials/validation_logs/run_validation_riemann_hypothesis_analysis.py\", line 80, in run_validation\n    for idx, thm in enumerate(theorems):\nNameError: name 'theorems' is not defined\n",
      "returncode": 1
    },
    {
      "paper": "millennium_prize_frameworks",
      "path": "/Users/coo-koba42/dev/bradley-wallace-independent-research/subjects/wallace-convergence/advanced-mathematical-solutions/supporting_materials",
      "success": false,
      "stdout": "\u26a0\ufe0f  Test file not found: /Users/coo-koba42/dev/bradley-wallace-independent-research/subjects/wallace-convergence/advanced-mathematical-solutions/supporting_materials/tests/test_millennium_prize_frameworks.py\n",
      "stderr": "Traceback (most recent call last):\n  File \"/Users/coo-koba42/dev/bradley-wallace-independent-research/subjects/wallace-convergence/advanced-mathematical-solutions/supporting_materials/validation_logs/run_validation_millennium_prize_frameworks.py\", line 94, in <module>\n    run_validation()\n  File \"/Users/coo-koba42/dev/bradley-wallace-independent-research/subjects/wallace-convergence/advanced-mathematical-solutions/supporting_materials/validation_logs/run_validation_millennium_prize_frameworks.py\", line 80, in run_validation\n    for idx, thm in enumerate(theorems):\nNameError: name 'theorems' is not defined\n",
      "returncode": 1
    },
    {
      "paper": "p_vs_np_analysis",
      "path": "/Users/coo-koba42/dev/bradley-wallace-independent-research/subjects/wallace-convergence/advanced-mathematical-solutions/supporting_materials",
      "success": false,
      "stdout": "\u26a0\ufe0f  Test file not found: /Users/coo-koba42/dev/bradley-wallace-independent-research/subjects/wallace-convergence/advanced-mathematical-solutions/supporting_materials/tests/test_p_vs_np_analysis.py\n",
      "stderr": "Traceback (most recent call last):\n  File \"/Users/coo-koba42/dev/bradley-wallace-independent-research/subjects/wallace-convergence/advanced-mathematical-solutions/supporting_materials/validation_logs/run_validation_p_vs_np_analysis.py\", line 94, in <module>\n    run_validation()\n  File \"/Users/coo-koba42/dev/bradley-wallace-independent-research/subjects/wallace-convergence/advanced-mathematical-solutions/supporting_materials/validation_logs/run_validation_p_vs_np_analysis.py\", line 80, in run_validation\n    for idx, thm in enumerate(theorems):\nNameError: name 'theorems' is not defined\n",
      "returncode": 1
    },
    {
      "paper": "the_wallace_convergence_executive_summary",
      "path": "/Users/coo-koba42/dev/bradley-wallace-independent-research/subjects/wallace-convergence/the-wallace-convergence-series/supporting_materials",
      "success": false,
      "stdout": "\u26a0\ufe0f  Test file not found: /Users/coo-koba42/dev/bradley-wallace-independent-research/subjects/wallace-convergence/the-wallace-convergence-series/supporting_materials/tests/test_the_wallace_convergence_executive_summary.py\n",
      "stderr": "Traceback (most recent call last):\n  File \"/Users/coo-koba42/dev/bradley-wallace-independent-research/subjects/wallace-convergence/the-wallace-convergence-series/supporting_materials/validation_logs/run_validation_the_wallace_convergence_executive_summary.py\", line 94, in <module>\n    run_validation()\n  File \"/Users/coo-koba42/dev/bradley-wallace-independent-research/subjects/wallace-convergence/the-wallace-convergence-series/supporting_materials/validation_logs/run_validation_the_wallace_convergence_executive_summary.py\", line 80, in run_validation\n    for idx, thm in enumerate(theorems):\nNameError: name 'theorems' is not defined\n",
      "returncode": 1
    },
    {
      "paper": "the_wallace_convergence_appendices",
      "path": "/Users/coo-koba42/dev/bradley-wallace-independent-research/subjects/wallace-convergence/the-wallace-convergence-series/supporting_materials",
      "success": false,
      "stdout": "\u26a0\ufe0f  Test file not found: /Users/coo-koba42/dev/bradley-wallace-independent-research/subjects/wallace-convergence/the-wallace-convergence-series/supporting_materials/tests/test_the_wallace_convergence_appendices.py\n",
      "stderr": "Traceback (most recent call last):\n  File \"/Users/coo-koba42/dev/bradley-wallace-independent-research/subjects/wallace-convergence/the-wallace-convergence-series/supporting_materials/validation_logs/run_validation_the_wallace_convergence_appendices.py\", line 94, in <module>\n    run_validation()\n  File \"/Users/coo-koba42/dev/bradley-wallace-independent-research/subjects/wallace-convergence/the-wallace-convergence-series/supporting_materials/validation_logs/run_validation_the_wallace_convergence_appendices.py\", line 80, in run_validation\n    for idx, thm in enumerate(theorems):\nNameError: name 'theorems' is not defined\n",
      "returncode": 1
    },
    {
      "paper": "the_wallace_convergence_final_paper",
      "path": "/Users/coo-koba42/dev/bradley-wallace-independent-research/subjects/wallace-convergence/the-wallace-convergence-series/supporting_materials",
      "success": false,
      "stdout": "\u26a0\ufe0f  Test file not found: /Users/coo-koba42/dev/bradley-wallace-independent-research/subjects/wallace-convergence/the-wallace-convergence-series/supporting_materials/tests/test_the_wallace_convergence_final_paper.py\n",
      "stderr": "Traceback (most recent call last):\n  File \"/Users/coo-koba42/dev/bradley-wallace-independent-research/subjects/wallace-convergence/the-wallace-convergence-series/supporting_materials/validation_logs/run_validation_the_wallace_convergence_final_paper.py\", line 94, in <module>\n    run_validation()\n  File \"/Users/coo-koba42/dev/bradley-wallace-independent-research/subjects/wallace-convergence/the-wallace-convergence-series/supporting_materials/validation_logs/run_validation_the_wallace_convergence_final_paper.py\", line 80, in run_validation\n    for idx, thm in enumerate(theorems):\nNameError: name 'theorems' is not defined\n",
      "returncode": 1
    },
    {
      "paper": "egyptian_mathic_consciousness",
      "path": "/Users/coo-koba42/dev/bradley-wallace-independent-research/subjects/ancient-languages-scripts/egyptian-mathematics/supporting_materials",
      "success": false,
      "stdout": "Running tests from /Users/coo-koba42/dev/bradley-wallace-independent-research/subjects/ancient-languages-scripts/egyptian-mathematics/supporting_materials/tests/test_egyptian_mathic_consciousness.py...\n\u2705 All tests passed!\n",
      "stderr": "Traceback (most recent call last):\n  File \"/Users/coo-koba42/dev/bradley-wallace-independent-research/subjects/ancient-languages-scripts/egyptian-mathematics/supporting_materials/validation_logs/run_validation_egyptian_mathic_consciousness.py\", line 94, in <module>\n    run_validation()\n  File \"/Users/coo-koba42/dev/bradley-wallace-independent-research/subjects/ancient-languages-scripts/egyptian-mathematics/supporting_materials/validation_logs/run_validation_egyptian_mathic_consciousness.py\", line 80, in run_validation\n    for idx, thm in enumerate(theorems):\nNameError: name 'theorems' is not defined\n",
      "returncode": 1
    },
    {
      "paper": "zodiac_consciousness_mathematics",
      "path": "/Users/coo-koba42/dev/bradley-wallace-independent-research/subjects/ancient-languages-scripts/zodiac-consciousness/supporting_materials",
      "success": false,
      "stdout": "Running tests from /Users/coo-koba42/dev/bradley-wallace-independent-research/subjects/ancient-languages-scripts/zodiac-consciousness/supporting_materials/tests/test_zodiac_consciousness_mathematics.py...\n\u2705 All tests passed!\n",
      "stderr": "Traceback (most recent call last):\n  File \"/Users/coo-koba42/dev/bradley-wallace-independent-research/subjects/ancient-languages-scripts/zodiac-consciousness/supporting_materials/validation_logs/run_validation_zodiac_consciousness_mathematics.py\", line 94, in <module>\n    run_validation()\n  File \"/Users/coo-koba42/dev/bradley-wallace-independent-research/subjects/ancient-languages-scripts/zodiac-consciousness/supporting_materials/validation_logs/run_validation_zodiac_consciousness_mathematics.py\", line 80, in run_validation\n    for idx, thm in enumerate(theorems):\nNameError: name 'theorems' is not defined\n",
      "returncode": 1
    }
  ]
}